<?xml version="1.0" encoding="UTF-8"?>
<coverage generated="1790414693292" clover="3.2.0">
  <project timestamp="1790414693293" name="All files">
    <metrics statements="155" coveredstatements="141" conditionals="27" coveredconditionals="19" methods="38" coveredmethods="34" elements="220" coveredelements="194" complexity="0" loc="155" ncloc="155" packages="6" files="6" classes="6"/>
    <package name="auth">
      <metrics statements="67" coveredstatements="63" conditionals="11" coveredconditionals="7" methods="11" coveredmethods="10"/>
      <file name="auth.service.ts" path="D:\coding pixel assg\week 10\src\auth\auth.service.ts">
        <metrics statements="67" coveredstatements="63" conditionals="11" coveredconditionals="7" methods="11" coveredmethods="10"/>
        <line num="1" count="5" type="stmt"/>
        <line num="6" count="5" type="stmt"/>
        <line num="7" count="5" type="stmt"/>
        <line num="8" count="5" type="stmt"/>
        <line num="9" count="5" type="stmt"/>
        <line num="10" count="5" type="stmt"/>
        <line num="11" count="5" type="stmt"/>
        <line num="12" count="5" type="stmt"/>
        <line num="13" count="5" type="stmt"/>
        <line num="14" count="5" type="stmt"/>
        <line num="24" count="5" type="stmt"/>
        <line num="32" count="29" type="stmt"/>
        <line num="33" count="29" type="cond" truecount="0" falsecount="1"/>
        <line num="34" count="0" type="stmt"/>
        <line num="36" count="29" type="stmt"/>
        <line num="37" count="29" type="stmt"/>
        <line num="43" count="41" type="stmt"/>
        <line num="56" count="45" type="stmt"/>
        <line num="60" count="5" type="stmt"/>
        <line num="63" count="5" type="stmt"/>
        <line num="64" count="5" type="stmt"/>
        <line num="65" count="5" type="stmt"/>
        <line num="66" count="5" type="stmt"/>
        <line num="70" count="20" type="stmt"/>
        <line num="71" count="20" type="cond" truecount="0" falsecount="1"/>
        <line num="75" count="0" type="stmt"/>
        <line num="82" count="20" type="stmt"/>
        <line num="84" count="20" type="stmt"/>
        <line num="85" count="20" type="stmt"/>
        <line num="95" count="28" type="stmt"/>
        <line num="97" count="28" type="cond" truecount="1" falsecount="0"/>
        <line num="101" count="1" type="stmt"/>
        <line num="102" count="1" type="stmt"/>
        <line num="105" count="27" type="stmt"/>
        <line num="106" count="27" type="cond" truecount="1" falsecount="0"/>
        <line num="107" count="2" type="stmt"/>
        <line num="110" count="25" type="stmt"/>
        <line num="127" count="29" type="stmt"/>
        <line num="129" count="29" type="stmt"/>
        <line num="130" count="29" type="stmt"/>
        <line num="134" count="29" type="stmt"/>
        <line num="136" count="29" type="stmt"/>
        <line num="143" count="29" type="stmt"/>
        <line num="145" count="29" type="stmt"/>
        <line num="153" count="28" type="stmt"/>
        <line num="154" count="25" type="stmt"/>
        <line num="165" count="10" type="stmt"/>
        <line num="166" count="10" type="stmt"/>
        <line num="170" count="10" type="cond" truecount="0" falsecount="1"/>
        <line num="171" count="0" type="stmt"/>
        <line num="173" count="10" type="cond" truecount="1" falsecount="0"/>
        <line num="180" count="5" type="stmt"/>
        <line num="188" count="5" type="stmt"/>
        <line num="190" count="5" type="cond" truecount="1" falsecount="0"/>
        <line num="193" count="1" type="stmt"/>
        <line num="196" count="4" type="stmt"/>
        <line num="197" count="4" type="stmt"/>
        <line num="199" count="4" type="stmt"/>
        <line num="200" count="4" type="cond" truecount="0" falsecount="1"/>
        <line num="201" count="0" type="stmt"/>
        <line num="204" count="4" type="stmt"/>
        <line num="215" count="2" type="stmt"/>
        <line num="216" count="2" type="stmt"/>
        <line num="220" count="2" type="cond" truecount="3" falsecount="0"/>
        <line num="221" count="1" type="stmt"/>
        <line num="224" count="1" type="stmt"/>
        <line num="225" count="1" type="stmt"/>
      </file>
    </package>
    <package name="authorization">
      <metrics statements="14" coveredstatements="14" conditionals="6" coveredconditionals="6" methods="6" coveredmethods="6"/>
      <file name="membership-cache.service.ts" path="D:\coding pixel assg\week 10\src\authorization\membership-cache.service.ts">
        <metrics statements="14" coveredstatements="14" conditionals="6" coveredconditionals="6" methods="6" coveredmethods="6"/>
        <line num="1" count="5" type="stmt"/>
        <line num="27" count="5" type="stmt"/>
        <line num="28" count="5" type="stmt"/>
        <line num="29" count="5" type="cond" truecount="2" falsecount="0"/>
        <line num="32" count="68" type="stmt"/>
        <line num="36" count="38" type="stmt"/>
        <line num="37" count="38" type="cond" truecount="3" falsecount="0"/>
        <line num="38" count="15" type="stmt"/>
        <line num="40" count="23" type="stmt"/>
        <line num="44" count="15" type="stmt"/>
        <line num="52" count="15" type="stmt"/>
        <line num="57" count="1" type="stmt"/>
        <line num="58" count="5" type="cond" truecount="1" falsecount="0"/>
        <line num="59" count="2" type="stmt"/>
      </file>
    </package>
    <package name="comments">
      <metrics statements="15" coveredstatements="14" conditionals="1" coveredconditionals="0" methods="5" coveredmethods="5"/>
      <file name="comments.service.ts" path="D:\coding pixel assg\week 10\src\comments\comments.service.ts">
        <metrics statements="15" coveredstatements="14" conditionals="1" coveredconditionals="0" methods="5" coveredmethods="5"/>
        <line num="1" count="5" type="stmt"/>
        <line num="2" count="5" type="stmt"/>
        <line num="3" count="5" type="stmt"/>
        <line num="4" count="5" type="stmt"/>
        <line num="7" count="5" type="stmt"/>
        <line num="10" count="5" type="stmt"/>
        <line num="14" count="3" type="stmt"/>
        <line num="15" count="3" type="stmt"/>
        <line num="19" count="1" type="stmt"/>
        <line num="23" count="1" type="stmt"/>
        <line num="24" count="1" type="cond" truecount="0" falsecount="1"/>
        <line num="25" count="0" type="stmt"/>
        <line num="27" count="1" type="stmt"/>
        <line num="31" count="1" type="stmt"/>
        <line num="32" count="1" type="stmt"/>
      </file>
    </package>
    <package name="projects">
      <metrics statements="28" coveredstatements="22" conditionals="3" coveredconditionals="1" methods="6" coveredmethods="4"/>
      <file name="projects.service.ts" path="D:\coding pixel assg\week 10\src\projects\projects.service.ts">
        <metrics statements="28" coveredstatements="22" conditionals="3" coveredconditionals="1" methods="6" coveredmethods="4"/>
        <line num="1" count="5" type="stmt"/>
        <line num="2" count="5" type="stmt"/>
        <line num="3" count="5" type="stmt"/>
        <line num="4" count="5" type="stmt"/>
        <line num="5" count="5" type="stmt"/>
        <line num="6" count="5" type="stmt"/>
        <line num="7" count="5" type="stmt"/>
        <line num="10" count="5" type="stmt"/>
        <line num="13" count="5" type="stmt"/>
        <line num="15" count="5" type="stmt"/>
        <line num="18" count="5" type="stmt"/>
        <line num="22" count="15" type="stmt"/>
        <line num="28" count="15" type="stmt"/>
        <line num="39" count="15" type="cond" truecount="1" falsecount="0"/>
        <line num="40" count="15" type="stmt"/>
        <line num="43" count="15" type="stmt"/>
        <line num="47" count="2" type="stmt"/>
        <line num="48" count="2" type="cond" truecount="0" falsecount="1"/>
        <line num="49" count="0" type="stmt"/>
        <line num="51" count="2" type="stmt"/>
        <line num="55" count="0" type="stmt"/>
        <line num="56" count="0" type="cond" truecount="0" falsecount="1"/>
        <line num="57" count="0" type="stmt"/>
        <line num="59" count="0" type="stmt"/>
        <line num="63" count="1" type="stmt"/>
        <line num="64" count="1" type="stmt"/>
        <line num="67" count="1" type="stmt"/>
        <line num="71" count="0" type="stmt"/>
      </file>
    </package>
    <package name="tasks">
      <metrics statements="21" coveredstatements="18" conditionals="6" coveredconditionals="5" methods="6" coveredmethods="5"/>
      <file name="tasks.service.ts" path="D:\coding pixel assg\week 10\src\tasks\tasks.service.ts">
        <metrics statements="21" coveredstatements="18" conditionals="6" coveredconditionals="5" methods="6" coveredmethods="5"/>
        <line num="1" count="5" type="stmt"/>
        <line num="2" count="5" type="stmt"/>
        <line num="3" count="5" type="stmt"/>
        <line num="4" count="5" type="stmt"/>
        <line num="23" count="5" type="stmt"/>
        <line num="26" count="5" type="stmt"/>
        <line num="30" count="9" type="stmt"/>
        <line num="37" count="9" type="stmt"/>
        <line num="41" count="4" type="stmt"/>
        <line num="42" count="4" type="cond" truecount="1" falsecount="0"/>
        <line num="43" count="1" type="stmt"/>
        <line num="45" count="4" type="stmt"/>
        <line num="49" count="9" type="stmt"/>
        <line num="50" count="9" type="cond" truecount="0" falsecount="1"/>
        <line num="51" count="0" type="stmt"/>
        <line num="53" count="9" type="stmt"/>
        <line num="57" count="8" type="stmt"/>
        <line num="58" count="8" type="stmt"/>
        <line num="59" count="8" type="stmt"/>
        <line num="63" count="0" type="stmt"/>
        <line num="64" count="0" type="stmt"/>
      </file>
    </package>
    <package name="users">
      <metrics statements="10" coveredstatements="10" conditionals="0" coveredconditionals="0" methods="4" coveredmethods="4"/>
      <file name="users.service.ts" path="D:\coding pixel assg\week 10\src\users\users.service.ts">
        <metrics statements="10" coveredstatements="10" conditionals="0" coveredconditionals="0" methods="4" coveredmethods="4"/>
        <line num="1" count="5" type="stmt"/>
        <line num="2" count="5" type="stmt"/>
        <line num="3" count="5" type="stmt"/>
        <line num="4" count="5" type="stmt"/>
        <line num="7" count="5" type="stmt"/>
        <line num="10" count="5" type="stmt"/>
        <line num="14" count="48" type="stmt"/>
        <line num="18" count="4" type="stmt"/>
        <line num="22" count="20" type="stmt"/>
        <line num="23" count="20" type="stmt"/>
      </file>
    </package>
  </project>
</coverage>
