{"D:\\coding pixel assg\\week 10\\src\\auth\\auth.service.ts": {"path":"D:\\coding pixel assg\\week 10\\src\\auth\\auth.service.ts","statementMap":{"0":{"start":{"line":1,"column":0},"end":{"line":1,"column":null}},"1":{"start":{"line":6,"column":0},"end":{"line":6,"column":51}},"2":{"start":{"line":7,"column":0},"end":{"line":7,"column":47}},"3":{"start":{"line":8,"column":0},"end":{"line":8,"column":41}},"4":{"start":{"line":9,"column":0},"end":{"line":9,"column":37}},"5":{"start":{"line":10,"column":0},"end":{"line":10,"column":33}},"6":{"start":{"line":11,"column":0},"end":{"line":11,"column":61}},"7":{"start":{"line":12,"column":0},"end":{"line":12,"column":59}},"8":{"start":{"line":13,"column":0},"end":{"line":13,"column":63}},"9":{"start":{"line":14,"column":0},"end":{"line":14,"column":54}},"10":{"start":{"line":24,"column":47},"end":{"line":29,"column":2}},"11":{"start":{"line":32,"column":16},"end":{"line":32,"column":55}},"12":{"start":{"line":33,"column":2},"end":{"line":35,"column":3}},"13":{"start":{"line":34,"column":4},"end":{"line":34,"column":62}},"14":{"start":{"line":36,"column":27},"end":{"line":36,"column":32}},"15":{"start":{"line":37,"column":2},"end":{"line":37,"column":47}},"16":{"start":{"line":43,"column":2},"end":{"line":43,"column":61}},"17":{"start":{"line":56,"column":2},"end":{"line":56,"column":71}},"18":{"start":{"line":60,"column":7},"end":{"line":227,"column":null}},"19":{"start":{"line":63,"column":21},"end":{"line":63,"column":46}},"20":{"start":{"line":64,"column":21},"end":{"line":64,"column":35}},"21":{"start":{"line":65,"column":21},"end":{"line":65,"column":33}},"22":{"start":{"line":66,"column":21},"end":{"line":66,"column":36}},"23":{"start":{"line":70,"column":21},"end":{"line":70,"column":63}},"24":{"start":{"line":71,"column":4},"end":{"line":76,"column":5}},"25":{"start":{"line":75,"column":6},"end":{"line":75,"column":65}},"26":{"start":{"line":82,"column":25},"end":{"line":82,"column":72}},"27":{"start":{"line":84,"column":17},"end":{"line":84,"column":68}},"28":{"start":{"line":85,"column":4},"end":{"line":85,"column":28}},"29":{"start":{"line":95,"column":17},"end":{"line":95,"column":59}},"30":{"start":{"line":97,"column":4},"end":{"line":103,"column":5}},"31":{"start":{"line":101,"column":6},"end":{"line":101,"column":77}},"32":{"start":{"line":101,"column":66},"end":{"line":101,"column":75}},"33":{"start":{"line":102,"column":6},"end":{"line":102,"column":67}},"34":{"start":{"line":105,"column":28},"end":{"line":105,"column":76}},"35":{"start":{"line":106,"column":4},"end":{"line":108,"column":5}},"36":{"start":{"line":107,"column":6},"end":{"line":107,"column":67}},"37":{"start":{"line":110,"column":4},"end":{"line":110,"column":28}},"38":{"start":{"line":127,"column":24},"end":{"line":127,"column":68}},"39":{"start":{"line":129,"column":28},"end":{"line":129,"column":59}},"40":{"start":{"line":130,"column":29},"end":{"line":132,"column":null}},"41":{"start":{"line":134,"column":22},"end":{"line":134,"column":78}},"42":{"start":{"line":136,"column":28},"end":{"line":142,"column":6}},"43":{"start":{"line":143,"column":4},"end":{"line":143,"column":61}},"44":{"start":{"line":145,"column":4},"end":{"line":145,"column":58}},"45":{"start":{"line":153,"column":17},"end":{"line":153,"column":64}},"46":{"start":{"line":154,"column":4},"end":{"line":154,"column":66}},"47":{"start":{"line":165,"column":22},"end":{"line":165,"column":48}},"48":{"start":{"line":166,"column":21},"end":{"line":168,"column":6}},"49":{"start":{"line":170,"column":4},"end":{"line":172,"column":5}},"50":{"start":{"line":171,"column":6},"end":{"line":171,"column":63}},"51":{"start":{"line":173,"column":4},"end":{"line":189,"column":5}},"52":{"start":{"line":180,"column":6},"end":{"line":186,"column":19}},"53":{"start":{"line":188,"column":6},"end":{"line":188,"column":63}},"54":{"start":{"line":190,"column":4},"end":{"line":194,"column":5}},"55":{"start":{"line":193,"column":6},"end":{"line":193,"column":63}},"56":{"start":{"line":196,"column":4},"end":{"line":196,"column":36}},"57":{"start":{"line":197,"column":4},"end":{"line":197,"column":54}},"58":{"start":{"line":199,"column":17},"end":{"line":199,"column":66}},"59":{"start":{"line":200,"column":4},"end":{"line":202,"column":5}},"60":{"start":{"line":201,"column":6},"end":{"line":201,"column":63}},"61":{"start":{"line":204,"column":4},"end":{"line":204,"column":71}},"62":{"start":{"line":215,"column":22},"end":{"line":215,"column":48}},"63":{"start":{"line":216,"column":21},"end":{"line":218,"column":6}},"64":{"start":{"line":220,"column":4},"end":{"line":222,"column":5}},"65":{"start":{"line":221,"column":6},"end":{"line":221,"column":13}},"66":{"start":{"line":224,"column":4},"end":{"line":224,"column":36}},"67":{"start":{"line":225,"column":4},"end":{"line":225,"column":54}},"68":{"start":{"line":60,"column":13},"end":{"line":60,"column":24}},"69":{"start":{"line":60,"column":13},"end":{"line":227,"column":null}}},"fnMap":{"0":{"name":"parseDurationMs","decl":{"start":{"line":31,"column":9},"end":{"line":31,"column":24}},"loc":{"start":{"line":31,"column":41},"end":{"line":38,"column":1}}},"1":{"name":"hashToken","decl":{"start":{"line":40,"column":9},"end":{"line":40,"column":18}},"loc":{"start":{"line":40,"column":35},"end":{"line":44,"column":1}}},"2":{"name":"toSafeUser","decl":{"start":{"line":52,"column":9},"end":{"line":52,"column":19}},"loc":{"start":{"line":52,"column":30},"end":{"line":57,"column":1}}},"3":{"name":"(anonymous_7)","decl":{"start":{"line":61,"column":2},"end":{"line":61,"column":null}},"loc":{"start":{"line":66,"column":49},"end":{"line":67,"column":6}}},"4":{"name":"(anonymous_8)","decl":{"start":{"line":69,"column":2},"end":{"line":69,"column":7}},"loc":{"start":{"line":69,"column":48},"end":{"line":86,"column":3}}},"5":{"name":"(anonymous_9)","decl":{"start":{"line":94,"column":2},"end":{"line":94,"column":7}},"loc":{"start":{"line":94,"column":59},"end":{"line":111,"column":3}}},"6":{"name":"(anonymous_10)","decl":{"start":{"line":101,"column":60},"end":{"line":101,"column":63}},"loc":{"start":{"line":101,"column":66},"end":{"line":101,"column":75}}},"7":{"name":"(anonymous_11)","decl":{"start":{"line":119,"column":10},"end":{"line":119,"column":15}},"loc":{"start":{"line":122,"column":20},"end":{"line":146,"column":3}}},"8":{"name":"(anonymous_12)","decl":{"start":{"line":152,"column":2},"end":{"line":152,"column":7}},"loc":{"start":{"line":152,"column":45},"end":{"line":155,"column":3}}},"9":{"name":"(anonymous_13)","decl":{"start":{"line":164,"column":2},"end":{"line":164,"column":7}},"loc":{"start":{"line":164,"column":39},"end":{"line":205,"column":3}}},"10":{"name":"(anonymous_14)","decl":{"start":{"line":214,"column":2},"end":{"line":214,"column":7}},"loc":{"start":{"line":214,"column":38},"end":{"line":226,"column":3}}}},"branchMap":{"0":{"loc":{"start":{"line":33,"column":2},"end":{"line":35,"column":3}},"type":"if","locations":[{"start":{"line":33,"column":2},"end":{"line":35,"column":3}}]},"1":{"loc":{"start":{"line":71,"column":4},"end":{"line":76,"column":5}},"type":"if","locations":[{"start":{"line":71,"column":4},"end":{"line":76,"column":5}}]},"2":{"loc":{"start":{"line":97,"column":4},"end":{"line":103,"column":5}},"type":"if","locations":[{"start":{"line":97,"column":4},"end":{"line":103,"column":5}}]},"3":{"loc":{"start":{"line":106,"column":4},"end":{"line":108,"column":5}},"type":"if","locations":[{"start":{"line":106,"column":4},"end":{"line":108,"column":5}}]},"4":{"loc":{"start":{"line":170,"column":4},"end":{"line":172,"column":5}},"type":"if","locations":[{"start":{"line":170,"column":4},"end":{"line":172,"column":5}}]},"5":{"loc":{"start":{"line":173,"column":4},"end":{"line":189,"column":5}},"type":"if","locations":[{"start":{"line":173,"column":4},"end":{"line":189,"column":5}}]},"6":{"loc":{"start":{"line":190,"column":4},"end":{"line":194,"column":5}},"type":"if","locations":[{"start":{"line":190,"column":4},"end":{"line":194,"column":5}}]},"7":{"loc":{"start":{"line":200,"column":4},"end":{"line":202,"column":5}},"type":"if","locations":[{"start":{"line":200,"column":4},"end":{"line":202,"column":5}}]},"8":{"loc":{"start":{"line":220,"column":4},"end":{"line":222,"column":5}},"type":"if","locations":[{"start":{"line":220,"column":4},"end":{"line":222,"column":5}}]},"9":{"loc":{"start":{"line":220,"column":8},"end":{"line":220,"column":39}},"type":"binary-expr","locations":[{"start":{"line":220,"column":8},"end":{"line":220,"column":17}},{"start":{"line":220,"column":21},"end":{"line":220,"column":39}}]}},"s":{"0":5,"1":5,"2":5,"3":5,"4":5,"5":5,"6":5,"7":5,"8":5,"9":5,"10":5,"11":29,"12":29,"13":0,"14":29,"15":29,"16":41,"17":45,"18":5,"19":5,"20":5,"21":5,"22":5,"23":20,"24":20,"25":0,"26":20,"27":20,"28":20,"29":28,"30":28,"31":1,"32":0,"33":1,"34":27,"35":27,"36":2,"37":25,"38":29,"39":29,"40":29,"41":29,"42":29,"43":29,"44":29,"45":28,"46":25,"47":10,"48":10,"49":10,"50":0,"51":10,"52":5,"53":5,"54":5,"55":1,"56":4,"57":4,"58":4,"59":4,"60":0,"61":4,"62":2,"63":2,"64":2,"65":1,"66":1,"67":1,"68":5,"69":5},"f":{"0":29,"1":41,"2":45,"3":5,"4":20,"5":28,"6":0,"7":29,"8":28,"9":10,"10":2},"b":{"0":[0],"1":[0],"2":[1],"3":[2],"4":[0],"5":[5],"6":[1],"7":[0],"8":[1],"9":[2,2]}}
,"D:\\coding pixel assg\\week 10\\src\\authorization\\membership-cache.service.ts": {"path":"D:\\coding pixel assg\\week 10\\src\\authorization\\membership-cache.service.ts","statementMap":{"0":{"start":{"line":1,"column":0},"end":{"line":1,"column":44}},"1":{"start":{"line":27,"column":7},"end":{"line":63,"column":null}},"2":{"start":{"line":28,"column":19},"end":{"line":28,"column":57}},"3":{"start":{"line":29,"column":19},"end":{"line":29,"column":81}},"4":{"start":{"line":32,"column":4},"end":{"line":32,"column":36}},"5":{"start":{"line":36,"column":18},"end":{"line":36,"column":61}},"6":{"start":{"line":37,"column":4},"end":{"line":39,"column":5}},"7":{"start":{"line":38,"column":6},"end":{"line":38,"column":28}},"8":{"start":{"line":40,"column":4},"end":{"line":40,"column":47}},"9":{"start":{"line":44,"column":4},"end":{"line":47,"column":7}},"10":{"start":{"line":52,"column":4},"end":{"line":52,"column":51}},"11":{"start":{"line":57,"column":4},"end":{"line":61,"column":5}},"12":{"start":{"line":58,"column":6},"end":{"line":60,"column":7}},"13":{"start":{"line":59,"column":8},"end":{"line":59,"column":31}},"14":{"start":{"line":27,"column":13},"end":{"line":27,"column":35}},"15":{"start":{"line":27,"column":13},"end":{"line":63,"column":null}}},"fnMap":{"0":{"name":"(anonymous_1)","decl":{"start":{"line":27,"column":7},"end":{"line":27,"column":13}},"loc":{"start":{"line":27,"column":7},"end":{"line":63,"column":1}}},"1":{"name":"(anonymous_2)","decl":{"start":{"line":31,"column":10},"end":{"line":31,"column":13}},"loc":{"start":{"line":31,"column":47},"end":{"line":33,"column":3}}},"2":{"name":"(anonymous_3)","decl":{"start":{"line":35,"column":2},"end":{"line":35,"column":5}},"loc":{"start":{"line":35,"column":39},"end":{"line":41,"column":3}}},"3":{"name":"(anonymous_4)","decl":{"start":{"line":43,"column":2},"end":{"line":43,"column":5}},"loc":{"start":{"line":43,"column":69},"end":{"line":48,"column":3}}},"4":{"name":"(anonymous_5)","decl":{"start":{"line":51,"column":2},"end":{"line":51,"column":12}},"loc":{"start":{"line":51,"column":46},"end":{"line":53,"column":3}}},"5":{"name":"(anonymous_6)","decl":{"start":{"line":56,"column":2},"end":{"line":56,"column":19}},"loc":{"start":{"line":56,"column":37},"end":{"line":62,"column":3}}}},"branchMap":{"0":{"loc":{"start":{"line":29,"column":34},"end":{"line":29,"column":79}},"type":"binary-expr","locations":[{"start":{"line":29,"column":34},"end":{"line":29,"column":69}},{"start":{"line":29,"column":73},"end":{"line":29,"column":79}}]},"1":{"loc":{"start":{"line":37,"column":4},"end":{"line":39,"column":5}},"type":"if","locations":[{"start":{"line":37,"column":4},"end":{"line":39,"column":5}}]},"2":{"loc":{"start":{"line":37,"column":8},"end":{"line":37,"column":46}},"type":"binary-expr","locations":[{"start":{"line":37,"column":8},"end":{"line":37,"column":14}},{"start":{"line":37,"column":18},"end":{"line":37,"column":46}}]},"3":{"loc":{"start":{"line":58,"column":6},"end":{"line":60,"column":7}},"type":"if","locations":[{"start":{"line":58,"column":6},"end":{"line":60,"column":7}}]}},"s":{"0":5,"1":5,"2":5,"3":5,"4":68,"5":38,"6":38,"7":15,"8":23,"9":15,"10":15,"11":1,"12":5,"13":2,"14":5,"15":5},"f":{"0":5,"1":68,"2":38,"3":15,"4":15,"5":1},"b":{"0":[5,5],"1":[15],"2":[38,23],"3":[2]}}
,"D:\\coding pixel assg\\week 10\\src\\comments\\comments.service.ts": {"path":"D:\\coding pixel assg\\week 10\\src\\comments\\comments.service.ts","statementMap":{"0":{"start":{"line":1,"column":0},"end":{"line":1,"column":63}},"1":{"start":{"line":2,"column":0},"end":{"line":2,"column":51}},"2":{"start":{"line":3,"column":0},"end":{"line":3,"column":37}},"3":{"start":{"line":4,"column":0},"end":{"line":4,"column":43}},"4":{"start":{"line":7,"column":7},"end":{"line":34,"column":null}},"5":{"start":{"line":10,"column":21},"end":{"line":10,"column":41}},"6":{"start":{"line":14,"column":20},"end":{"line":14,"column":81}},"7":{"start":{"line":15,"column":4},"end":{"line":15,"column":49}},"8":{"start":{"line":19,"column":4},"end":{"line":19,"column":63}},"9":{"start":{"line":23,"column":20},"end":{"line":23,"column":76}},"10":{"start":{"line":24,"column":4},"end":{"line":26,"column":5}},"11":{"start":{"line":25,"column":6},"end":{"line":25,"column":55}},"12":{"start":{"line":27,"column":4},"end":{"line":27,"column":19}},"13":{"start":{"line":31,"column":4},"end":{"line":31,"column":35}},"14":{"start":{"line":32,"column":4},"end":{"line":32,"column":49}},"15":{"start":{"line":7,"column":13},"end":{"line":7,"column":28}},"16":{"start":{"line":7,"column":13},"end":{"line":34,"column":null}}},"fnMap":{"0":{"name":"(anonymous_4)","decl":{"start":{"line":8,"column":2},"end":{"line":8,"column":null}},"loc":{"start":{"line":10,"column":60},"end":{"line":11,"column":6}}},"1":{"name":"(anonymous_5)","decl":{"start":{"line":13,"column":2},"end":{"line":13,"column":8}},"loc":{"start":{"line":13,"column":70},"end":{"line":16,"column":3}}},"2":{"name":"(anonymous_6)","decl":{"start":{"line":18,"column":2},"end":{"line":18,"column":15}},"loc":{"start":{"line":18,"column":30},"end":{"line":20,"column":3}}},"3":{"name":"(anonymous_7)","decl":{"start":{"line":22,"column":2},"end":{"line":22,"column":7}},"loc":{"start":{"line":22,"column":34},"end":{"line":28,"column":3}}},"4":{"name":"(anonymous_8)","decl":{"start":{"line":30,"column":2},"end":{"line":30,"column":7}},"loc":{"start":{"line":30,"column":25},"end":{"line":33,"column":3}}}},"branchMap":{"0":{"loc":{"start":{"line":24,"column":4},"end":{"line":26,"column":5}},"type":"if","locations":[{"start":{"line":24,"column":4},"end":{"line":26,"column":5}}]}},"s":{"0":5,"1":5,"2":5,"3":5,"4":5,"5":5,"6":3,"7":3,"8":1,"9":1,"10":1,"11":0,"12":1,"13":1,"14":1,"15":5,"16":5},"f":{"0":5,"1":3,"2":1,"3":1,"4":1},"b":{"0":[0]}}
,"D:\\coding pixel assg\\week 10\\src\\projects\\projects.service.ts": {"path":"D:\\coding pixel assg\\week 10\\src\\projects\\projects.service.ts","statementMap":{"0":{"start":{"line":1,"column":0},"end":{"line":1,"column":63}},"1":{"start":{"line":2,"column":0},"end":{"line":2,"column":51}},"2":{"start":{"line":3,"column":0},"end":{"line":3,"column":37}},"3":{"start":{"line":4,"column":0},"end":{"line":4,"column":43}},"4":{"start":{"line":5,"column":0},"end":{"line":5,"column":56}},"5":{"start":{"line":6,"column":0},"end":{"line":6,"column":64}},"6":{"start":{"line":7,"column":0},"end":{"line":7,"column":83}},"7":{"start":{"line":10,"column":7},"end":{"line":73,"column":null}},"8":{"start":{"line":13,"column":21},"end":{"line":13,"column":41}},"9":{"start":{"line":15,"column":21},"end":{"line":15,"column":47}},"10":{"start":{"line":18,"column":21},"end":{"line":18,"column":38}},"11":{"start":{"line":22,"column":20},"end":{"line":23,"column":null}},"12":{"start":{"line":28,"column":4},"end":{"line":34,"column":6}},"13":{"start":{"line":39,"column":4},"end":{"line":41,"column":5}},"14":{"start":{"line":40,"column":6},"end":{"line":40,"column":59}},"15":{"start":{"line":43,"column":4},"end":{"line":43,"column":19}},"16":{"start":{"line":47,"column":20},"end":{"line":47,"column":76}},"17":{"start":{"line":48,"column":4},"end":{"line":50,"column":5}},"18":{"start":{"line":49,"column":6},"end":{"line":49,"column":55}},"19":{"start":{"line":51,"column":4},"end":{"line":51,"column":19}},"20":{"start":{"line":55,"column":20},"end":{"line":55,"column":50}},"21":{"start":{"line":56,"column":4},"end":{"line":58,"column":5}},"22":{"start":{"line":57,"column":6},"end":{"line":57,"column":26}},"23":{"start":{"line":59,"column":4},"end":{"line":59,"column":49}},"24":{"start":{"line":63,"column":4},"end":{"line":63,"column":35}},"25":{"start":{"line":64,"column":4},"end":{"line":64,"column":49}},"26":{"start":{"line":67,"column":4},"end":{"line":67,"column":47}},"27":{"start":{"line":71,"column":4},"end":{"line":71,"column":83}},"28":{"start":{"line":10,"column":13},"end":{"line":10,"column":28}},"29":{"start":{"line":10,"column":13},"end":{"line":73,"column":null}}},"fnMap":{"0":{"name":"(anonymous_4)","decl":{"start":{"line":11,"column":2},"end":{"line":11,"column":null}},"loc":{"start":{"line":18,"column":60},"end":{"line":19,"column":6}}},"1":{"name":"(anonymous_5)","decl":{"start":{"line":21,"column":2},"end":{"line":21,"column":7}},"loc":{"start":{"line":21,"column":56},"end":{"line":44,"column":3}}},"2":{"name":"(anonymous_6)","decl":{"start":{"line":46,"column":2},"end":{"line":46,"column":7}},"loc":{"start":{"line":46,"column":34},"end":{"line":52,"column":3}}},"3":{"name":"(anonymous_7)","decl":{"start":{"line":54,"column":2},"end":{"line":54,"column":7}},"loc":{"start":{"line":54,"column":40},"end":{"line":60,"column":3}}},"4":{"name":"(anonymous_8)","decl":{"start":{"line":62,"column":2},"end":{"line":62,"column":7}},"loc":{"start":{"line":62,"column":25},"end":{"line":68,"column":3}}},"5":{"name":"(anonymous_9)","decl":{"start":{"line":70,"column":2},"end":{"line":70,"column":16}},"loc":{"start":{"line":70,"column":50},"end":{"line":72,"column":3}}}},"branchMap":{"0":{"loc":{"start":{"line":39,"column":4},"end":{"line":41,"column":5}},"type":"if","locations":[{"start":{"line":39,"column":4},"end":{"line":41,"column":5}}]},"1":{"loc":{"start":{"line":48,"column":4},"end":{"line":50,"column":5}},"type":"if","locations":[{"start":{"line":48,"column":4},"end":{"line":50,"column":5}}]},"2":{"loc":{"start":{"line":56,"column":4},"end":{"line":58,"column":5}},"type":"if","locations":[{"start":{"line":56,"column":4},"end":{"line":58,"column":5}}]}},"s":{"0":5,"1":5,"2":5,"3":5,"4":5,"5":5,"6":5,"7":5,"8":5,"9":5,"10":5,"11":15,"12":15,"13":15,"14":15,"15":15,"16":2,"17":2,"18":0,"19":2,"20":0,"21":0,"22":0,"23":0,"24":1,"25":1,"26":1,"27":0,"28":5,"29":5},"f":{"0":5,"1":15,"2":2,"3":0,"4":1,"5":0},"b":{"0":[15],"1":[0],"2":[0]}}
,"D:\\coding pixel assg\\week 10\\src\\tasks\\tasks.service.ts": {"path":"D:\\coding pixel assg\\week 10\\src\\tasks\\tasks.service.ts","statementMap":{"0":{"start":{"line":1,"column":0},"end":{"line":1,"column":63}},"1":{"start":{"line":2,"column":0},"end":{"line":2,"column":51}},"2":{"start":{"line":3,"column":0},"end":{"line":3,"column":37}},"3":{"start":{"line":4,"column":0},"end":{"line":4,"column":49}},"4":{"start":{"line":23,"column":7},"end":{"line":66,"column":null}},"5":{"start":{"line":26,"column":21},"end":{"line":26,"column":38}},"6":{"start":{"line":30,"column":17},"end":{"line":36,"column":6}},"7":{"start":{"line":37,"column":4},"end":{"line":37,"column":43}},"8":{"start":{"line":41,"column":42},"end":{"line":41,"column":55}},"9":{"start":{"line":42,"column":4},"end":{"line":44,"column":5}},"10":{"start":{"line":43,"column":6},"end":{"line":43,"column":42}},"11":{"start":{"line":45,"column":4},"end":{"line":45,"column":48}},"12":{"start":{"line":49,"column":17},"end":{"line":49,"column":70}},"13":{"start":{"line":50,"column":4},"end":{"line":52,"column":5}},"14":{"start":{"line":51,"column":6},"end":{"line":51,"column":52}},"15":{"start":{"line":53,"column":4},"end":{"line":53,"column":16}},"16":{"start":{"line":57,"column":17},"end":{"line":57,"column":47}},"17":{"start":{"line":58,"column":4},"end":{"line":58,"column":31}},"18":{"start":{"line":59,"column":4},"end":{"line":59,"column":43}},"19":{"start":{"line":63,"column":4},"end":{"line":63,"column":35}},"20":{"start":{"line":64,"column":4},"end":{"line":64,"column":46}},"21":{"start":{"line":23,"column":13},"end":{"line":23,"column":25}},"22":{"start":{"line":23,"column":13},"end":{"line":66,"column":null}}},"fnMap":{"0":{"name":"(anonymous_4)","decl":{"start":{"line":24,"column":2},"end":{"line":24,"column":null}},"loc":{"start":{"line":26,"column":54},"end":{"line":27,"column":6}}},"1":{"name":"(anonymous_5)","decl":{"start":{"line":29,"column":2},"end":{"line":29,"column":8}},"loc":{"start":{"line":29,"column":31},"end":{"line":38,"column":3}}},"2":{"name":"(anonymous_6)","decl":{"start":{"line":40,"column":2},"end":{"line":40,"column":18}},"loc":{"start":{"line":40,"column":53},"end":{"line":46,"column":3}}},"3":{"name":"(anonymous_7)","decl":{"start":{"line":48,"column":2},"end":{"line":48,"column":7}},"loc":{"start":{"line":48,"column":34},"end":{"line":54,"column":3}}},"4":{"name":"(anonymous_8)","decl":{"start":{"line":56,"column":2},"end":{"line":56,"column":7}},"loc":{"start":{"line":56,"column":49},"end":{"line":60,"column":3}}},"5":{"name":"(anonymous_9)","decl":{"start":{"line":62,"column":2},"end":{"line":62,"column":7}},"loc":{"start":{"line":62,"column":25},"end":{"line":65,"column":3}}}},"branchMap":{"0":{"loc":{"start":{"line":33,"column":19},"end":{"line":33,"column":44}},"type":"binary-expr","locations":[{"start":{"line":33,"column":19},"end":{"line":33,"column":36}},{"start":{"line":33,"column":40},"end":{"line":33,"column":44}}]},"1":{"loc":{"start":{"line":34,"column":18},"end":{"line":34,"column":42}},"type":"binary-expr","locations":[{"start":{"line":34,"column":18},"end":{"line":34,"column":34}},{"start":{"line":34,"column":38},"end":{"line":34,"column":42}}]},"2":{"loc":{"start":{"line":42,"column":4},"end":{"line":44,"column":5}},"type":"if","locations":[{"start":{"line":42,"column":4},"end":{"line":44,"column":5}}]},"3":{"loc":{"start":{"line":50,"column":4},"end":{"line":52,"column":5}},"type":"if","locations":[{"start":{"line":50,"column":4},"end":{"line":52,"column":5}}]}},"s":{"0":5,"1":5,"2":5,"3":5,"4":5,"5":5,"6":9,"7":9,"8":4,"9":4,"10":1,"11":4,"12":9,"13":9,"14":0,"15":9,"16":8,"17":8,"18":8,"19":0,"20":0,"21":5,"22":5},"f":{"0":5,"1":9,"2":4,"3":9,"4":8,"5":0},"b":{"0":[9,9],"1":[9,9],"2":[1],"3":[0]}}
,"D:\\coding pixel assg\\week 10\\src\\users\\users.service.ts": {"path":"D:\\coding pixel assg\\week 10\\src\\users\\users.service.ts","statementMap":{"0":{"start":{"line":1,"column":0},"end":{"line":1,"column":44}},"1":{"start":{"line":2,"column":0},"end":{"line":2,"column":51}},"2":{"start":{"line":3,"column":0},"end":{"line":3,"column":37}},"3":{"start":{"line":4,"column":0},"end":{"line":4,"column":37}},"4":{"start":{"line":7,"column":7},"end":{"line":25,"column":null}},"5":{"start":{"line":10,"column":21},"end":{"line":10,"column":38}},"6":{"start":{"line":14,"column":4},"end":{"line":14,"column":62}},"7":{"start":{"line":18,"column":4},"end":{"line":18,"column":59}},"8":{"start":{"line":22,"column":17},"end":{"line":22,"column":69}},"9":{"start":{"line":23,"column":4},"end":{"line":23,"column":43}},"10":{"start":{"line":7,"column":13},"end":{"line":7,"column":25}},"11":{"start":{"line":7,"column":13},"end":{"line":25,"column":null}}},"fnMap":{"0":{"name":"(anonymous_4)","decl":{"start":{"line":8,"column":2},"end":{"line":8,"column":null}},"loc":{"start":{"line":10,"column":54},"end":{"line":11,"column":6}}},"1":{"name":"(anonymous_5)","decl":{"start":{"line":13,"column":2},"end":{"line":13,"column":13}},"loc":{"start":{"line":13,"column":27},"end":{"line":15,"column":3}}},"2":{"name":"(anonymous_6)","decl":{"start":{"line":17,"column":2},"end":{"line":17,"column":10}},"loc":{"start":{"line":17,"column":21},"end":{"line":19,"column":3}}},"3":{"name":"(anonymous_7)","decl":{"start":{"line":21,"column":2},"end":{"line":21,"column":7}},"loc":{"start":{"line":21,"column":50},"end":{"line":24,"column":3}}}},"branchMap":{},"s":{"0":5,"1":5,"2":5,"3":5,"4":5,"5":5,"6":48,"7":4,"8":20,"9":20,"10":5,"11":5},"f":{"0":5,"1":48,"2":4,"3":20},"b":{}}
}
