TN:
SF:src\auth\auth.service.ts
FN:31,parseDurationMs
FN:40,hashToken
FN:52,toSafeUser
FN:61,(anonymous_7)
FN:69,(anonymous_8)
FN:94,(anonymous_9)
FN:101,(anonymous_10)
FN:119,(anonymous_11)
FN:152,(anonymous_12)
FN:164,(anonymous_13)
FN:214,(anonymous_14)
FNF:11
FNH:10
FNDA:29,parseDurationMs
FNDA:41,hashToken
FNDA:45,toSafeUser
FNDA:5,(anonymous_7)
FNDA:20,(anonymous_8)
FNDA:28,(anonymous_9)
FNDA:0,(anonymous_10)
FNDA:29,(anonymous_11)
FNDA:28,(anonymous_12)
FNDA:10,(anonymous_13)
FNDA:2,(anonymous_14)
DA:1,5
DA:6,5
DA:7,5
DA:8,5
DA:9,5
DA:10,5
DA:11,5
DA:12,5
DA:13,5
DA:14,5
DA:24,5
DA:32,29
DA:33,29
DA:34,0
DA:36,29
DA:37,29
DA:43,41
DA:56,45
DA:60,5
DA:63,5
DA:64,5
DA:65,5
DA:66,5
DA:70,20
DA:71,20
DA:75,0
DA:82,20
DA:84,20
DA:85,20
DA:95,28
DA:97,28
DA:101,1
DA:102,1
DA:105,27
DA:106,27
DA:107,2
DA:110,25
DA:127,29
DA:129,29
DA:130,29
DA:134,29
DA:136,29
DA:143,29
DA:145,29
DA:153,28
DA:154,25
DA:165,10
DA:166,10
DA:170,10
DA:171,0
DA:173,10
DA:180,5
DA:188,5
DA:190,5
DA:193,1
DA:196,4
DA:197,4
DA:199,4
DA:200,4
DA:201,0
DA:204,4
DA:215,2
DA:216,2
DA:220,2
DA:221,1
DA:224,1
DA:225,1
LF:67
LH:63
BRDA:33,0,0,0
BRDA:71,1,0,0
BRDA:97,2,0,1
BRDA:106,3,0,2
BRDA:170,4,0,0
BRDA:173,5,0,5
BRDA:190,6,0,1
BRDA:200,7,0,0
BRDA:220,8,0,1
BRDA:220,9,0,2
BRDA:220,9,1,2
BRF:11
BRH:7
end_of_record
TN:
SF:src\authorization\membership-cache.service.ts
FN:27,(anonymous_1)
FN:31,(anonymous_2)
FN:35,(anonymous_3)
FN:43,(anonymous_4)
FN:51,(anonymous_5)
FN:56,(anonymous_6)
FNF:6
FNH:6
FNDA:5,(anonymous_1)
FNDA:68,(anonymous_2)
FNDA:38,(anonymous_3)
FNDA:15,(anonymous_4)
FNDA:15,(anonymous_5)
FNDA:1,(anonymous_6)
DA:1,5
DA:27,5
DA:28,5
DA:29,5
DA:32,68
DA:36,38
DA:37,38
DA:38,15
DA:40,23
DA:44,15
DA:52,15
DA:57,1
DA:58,5
DA:59,2
LF:14
LH:14
BRDA:29,0,0,5
BRDA:29,0,1,5
BRDA:37,1,0,15
BRDA:37,2,0,38
BRDA:37,2,1,23
BRDA:58,3,0,2
BRF:6
BRH:6
end_of_record
TN:
SF:src\comments\comments.service.ts
FN:8,(anonymous_4)
FN:13,(anonymous_5)
FN:18,(anonymous_6)
FN:22,(anonymous_7)
FN:30,(anonymous_8)
FNF:5
FNH:5
FNDA:5,(anonymous_4)
FNDA:3,(anonymous_5)
FNDA:1,(anonymous_6)
FNDA:1,(anonymous_7)
FNDA:1,(anonymous_8)
DA:1,5
DA:2,5
DA:3,5
DA:4,5
DA:7,5
DA:10,5
DA:14,3
DA:15,3
DA:19,1
DA:23,1
DA:24,1
DA:25,0
DA:27,1
DA:31,1
DA:32,1
LF:15
LH:14
BRDA:24,0,0,0
BRF:1
BRH:0
end_of_record
TN:
SF:src\projects\projects.service.ts
FN:11,(anonymous_4)
FN:21,(anonymous_5)
FN:46,(anonymous_6)
FN:54,(anonymous_7)
FN:62,(anonymous_8)
FN:70,(anonymous_9)
FNF:6
FNH:4
FNDA:5,(anonymous_4)
FNDA:15,(anonymous_5)
FNDA:2,(anonymous_6)
FNDA:0,(anonymous_7)
FNDA:1,(anonymous_8)
FNDA:0,(anonymous_9)
DA:1,5
DA:2,5
DA:3,5
DA:4,5
DA:5,5
DA:6,5
DA:7,5
DA:10,5
DA:13,5
DA:15,5
DA:18,5
DA:22,15
DA:28,15
DA:39,15
DA:40,15
DA:43,15
DA:47,2
DA:48,2
DA:49,0
DA:51,2
DA:55,0
DA:56,0
DA:57,0
DA:59,0
DA:63,1
DA:64,1
DA:67,1
DA:71,0
LF:28
LH:22
BRDA:39,0,0,15
BRDA:48,1,0,0
BRDA:56,2,0,0
BRF:3
BRH:1
end_of_record
TN:
SF:src\tasks\tasks.service.ts
FN:24,(anonymous_4)
FN:29,(anonymous_5)
FN:40,(anonymous_6)
FN:48,(anonymous_7)
FN:56,(anonymous_8)
FN:62,(anonymous_9)
FNF:6
FNH:5
FNDA:5,(anonymous_4)
FNDA:9,(anonymous_5)
FNDA:4,(anonymous_6)
FNDA:9,(anonymous_7)
FNDA:8,(anonymous_8)
FNDA:0,(anonymous_9)
DA:1,5
DA:2,5
DA:3,5
DA:4,5
DA:23,5
DA:26,5
DA:30,9
DA:37,9
DA:41,4
DA:42,4
DA:43,1
DA:45,4
DA:49,9
DA:50,9
DA:51,0
DA:53,9
DA:57,8
DA:58,8
DA:59,8
DA:63,0
DA:64,0
LF:21
LH:18
BRDA:33,0,0,9
BRDA:33,0,1,9
BRDA:34,1,0,9
BRDA:34,1,1,9
BRDA:42,2,0,1
BRDA:50,3,0,0
BRF:6
BRH:5
end_of_record
TN:
SF:src\users\users.service.ts
FN:8,(anonymous_4)
FN:13,(anonymous_5)
FN:17,(anonymous_6)
FN:21,(anonymous_7)
FNF:4
FNH:4
FNDA:5,(anonymous_4)
FNDA:48,(anonymous_5)
FNDA:4,(anonymous_6)
FNDA:20,(anonymous_7)
DA:1,5
DA:2,5
DA:3,5
DA:4,5
DA:7,5
DA:10,5
DA:14,48
DA:18,4
DA:22,20
DA:23,20
LF:10
LH:10
BRF:0
BRH:0
end_of_record
